<?xml version="1.0" encoding="UTF-8"?>
<TestRun id="428db9ad-c063-4ea7-ace3-896d5eae43f1" name="Administrator@HUANGBO 2013-01-12 09:15:04" runUser="HUANGBO\Administrator" xmlns="http://microsoft.com/schemas/VisualStudio/TeamTest/2006">
  <TestRunConfiguration name="Local Test Run" id="50217ff5-54f5-4137-b9f0-540332b39484">
    <Description>This is a default test run configuration for a local test run.</Description>
    <Deployment runDeploymentRoot="D:\dev\质检中心\zjzx\TestResults\Administrator_HUANGBO 2013-01-12 09_15_04">
      <DeploymentItem filename="D:\dev\质检中心\zjzx\zjzx\bin\zjzx.dll" />
    </Deployment>
    <Plugins>
      <Plugin>Microsoft.VisualStudio.TestTools.HostAdapters.AspNetPlugin, Microsoft.VisualStudio.QualityTools.HostAdapters.ASPNETAgent</Plugin>
    </Plugins>
    <TestTypeSpecific />
  </TestRunConfiguration>
  <ResultSummary outcome="Failed">
    <Counters total="1" executed="1" error="0" failed="1" timeout="0" aborted="0" inconclusive="0" passedButRunAborted="0" notRunnable="0" notExecuted="0" disconnected="0" warning="0" passed="0" completed="0" inProgress="0" pending="0" />
  </ResultSummary>
  <Times creation="2013-01-12T09:15:04.9531250+08:00" queuing="2013-01-12T09:15:05.6250000+08:00" start="2013-01-12T09:15:05.7656250+08:00" finish="2013-01-12T09:15:29.0625000+08:00" />
  <TestDefinitions>
    <UnitTest name="getEntityTest" storage="d:\dev\质检中心\zjzx\testproject\bin\debug\testproject.dll" id="446848ca-6e5c-a8fa-82ab-48bff552b62f">
      <Css projectStructure="" iteration="" />
      <Owners>
        <Owner name="" />
      </Owners>
      <Execution id="9a33678a-85a5-4f0c-879f-2f486cacb25a" />
      <TestMethod codeBase="D:\dev\质检中心\zjzx\TestProject\bin\Debug\TestProject.dll" adapterTypeName="Microsoft.VisualStudio.TestTools.TestTypes.Unit.UnitTestAdapter, Microsoft.VisualStudio.QualityTools.Tips.UnitTest.Adapter, Version=9.0.0.0, Culture=neutral, PublicKeyToken=b03f5f7f11d50a3a" className="TestProject.BZDaoTest, TestProject" name="getEntityTest" />
      <AspNet webSiteUrl="http://localhost:1269/">
        <Host pathToWebApp="%PathToWebRoot%\zjzx\zjzx" webAppRoot="/" />
      </AspNet>
    </UnitTest>
  </TestDefinitions>
  <TestLists>
    <TestList name="Results Not in a List" id="8c84fa94-04c1-424b-9868-57a2d4851a1d" />
    <TestList name="All Loaded Results" id="19431567-8539-422a-85d7-44ee4e166bda" />
  </TestLists>
  <TestEntries>
    <TestEntry testId="446848ca-6e5c-a8fa-82ab-48bff552b62f" executionId="9a33678a-85a5-4f0c-879f-2f486cacb25a" testListId="8c84fa94-04c1-424b-9868-57a2d4851a1d" />
  </TestEntries>
  <Results>
    <UnitTestResult executionId="9a33678a-85a5-4f0c-879f-2f486cacb25a" testId="446848ca-6e5c-a8fa-82ab-48bff552b62f" testName="getEntityTest" computerName="HUANGBO" duration="00:00:00.1291935" startTime="2013-01-12T09:15:26.8437500+08:00" endTime="2013-01-12T09:15:28.9062500+08:00" testType="13cdc9d9-ddb5-4fa4-a97d-d965ccfc6d4b" outcome="Failed" testListId="8c84fa94-04c1-424b-9868-57a2d4851a1d">
      <Output>
        <ErrorInfo>
          <Message>Test method TestProject.BZDaoTest.getEntityTest threw exception:  System.IndexOutOfRangeException: CJRID.</Message>
          <StackTrace>    在 System.Data.ProviderBase.FieldNameLookup.GetOrdinal(String fieldName)
   在 System.Data.SqlClient.SqlDataReader.GetOrdinal(String name)
   在 System.Data.SqlClient.SqlDataReader.get_Item(String name)
   在 zjzx.dao.BZDao.getEntity(Int32 id) 位置 D:\dev\质检中心\zjzx\zjzx\dao\BZDao.cs:行号 183
   在 TestProject.BZDaoTest.getEntityTest() 位置 D:\dev\质检中心\zjzx\TestProject\BZDaoTest.cs:行号 126
</StackTrace>
        </ErrorInfo>
      </Output>
    </UnitTestResult>
  </Results>
</TestRun>